  coordinate.cpp
C:\Program Files (x86)\Windows Kits\10\Include\10.0.22621.0\shared\minwindef.h(130,1): warning C4005: 'APIENTRY': macro redefinition
C:\Users\cole\source\repos\tetris\tetris\dependencies\include\GLFW\glfw3.h(123): message : see previous definition of 'APIENTRY'
C:\Users\cole\source\repos\tetris\tetris\source\ui\i_drawable.hpp(92,12): warning C4018: '>=': signed/unsigned mismatch
C:\Users\cole\source\repos\tetris\tetris\source\ui\i_drawable.hpp(92,27): warning C4018: '<=': signed/unsigned mismatch
C:\Users\cole\source\repos\tetris\tetris\source\ui\i_drawable.hpp(93,9): warning C4018: '>=': signed/unsigned mismatch
C:\Users\cole\source\repos\tetris\tetris\source\ui\i_drawable.hpp(93,24): warning C4018: '<=': signed/unsigned mismatch
C:\Users\cole\source\repos\tetris\tetris\source\ui\button.hpp(17,70): warning C4244: 'initializing': conversion from 'double' to 'unsigned int', possible loss of data
  font_engine.cpp
C:\Program Files (x86)\Windows Kits\10\Include\10.0.22621.0\shared\minwindef.h(130,1): warning C4005: 'APIENTRY': macro redefinition
C:\Users\cole\source\repos\tetris\tetris\dependencies\include\GLFW\glfw3.h(123): message : see previous definition of 'APIENTRY'
C:\Users\cole\source\repos\tetris\tetris\source\ui\i_drawable.hpp(92,12): warning C4018: '>=': signed/unsigned mismatch
C:\Users\cole\source\repos\tetris\tetris\source\ui\i_drawable.hpp(92,27): warning C4018: '<=': signed/unsigned mismatch
C:\Users\cole\source\repos\tetris\tetris\source\ui\i_drawable.hpp(93,9): warning C4018: '>=': signed/unsigned mismatch
C:\Users\cole\source\repos\tetris\tetris\source\ui\i_drawable.hpp(93,24): warning C4018: '<=': signed/unsigned mismatch
C:\Users\cole\source\repos\tetris\tetris\source\ui\button.hpp(17,70): warning C4244: 'initializing': conversion from 'double' to 'unsigned int', possible loss of data
  primitive.cpp
C:\Program Files (x86)\Windows Kits\10\Include\10.0.22621.0\shared\minwindef.h(130,1): warning C4005: 'APIENTRY': macro redefinition
C:\Users\cole\source\repos\tetris\tetris\dependencies\include\GLFW\glfw3.h(123): message : see previous definition of 'APIENTRY'
C:\Users\cole\source\repos\tetris\tetris\source\ui\i_drawable.hpp(92,12): warning C4018: '>=': signed/unsigned mismatch
C:\Users\cole\source\repos\tetris\tetris\source\ui\i_drawable.hpp(92,27): warning C4018: '<=': signed/unsigned mismatch
C:\Users\cole\source\repos\tetris\tetris\source\ui\i_drawable.hpp(93,9): warning C4018: '>=': signed/unsigned mismatch
C:\Users\cole\source\repos\tetris\tetris\source\ui\i_drawable.hpp(93,24): warning C4018: '<=': signed/unsigned mismatch
C:\Users\cole\source\repos\tetris\tetris\source\ui\button.hpp(17,70): warning C4244: 'initializing': conversion from 'double' to 'unsigned int', possible loss of data
  primitive_color.cpp
C:\Program Files (x86)\Windows Kits\10\Include\10.0.22621.0\shared\minwindef.h(130,1): warning C4005: 'APIENTRY': macro redefinition
C:\Users\cole\source\repos\tetris\tetris\dependencies\include\GLFW\glfw3.h(123): message : see previous definition of 'APIENTRY'
C:\Users\cole\source\repos\tetris\tetris\source\ui\i_drawable.hpp(92,12): warning C4018: '>=': signed/unsigned mismatch
C:\Users\cole\source\repos\tetris\tetris\source\ui\i_drawable.hpp(92,27): warning C4018: '<=': signed/unsigned mismatch
C:\Users\cole\source\repos\tetris\tetris\source\ui\i_drawable.hpp(93,9): warning C4018: '>=': signed/unsigned mismatch
C:\Users\cole\source\repos\tetris\tetris\source\ui\i_drawable.hpp(93,24): warning C4018: '<=': signed/unsigned mismatch
C:\Users\cole\source\repos\tetris\tetris\source\ui\button.hpp(17,70): warning C4244: 'initializing': conversion from 'double' to 'unsigned int', possible loss of data
  render_engine.cpp
C:\Program Files (x86)\Windows Kits\10\Include\10.0.22621.0\shared\minwindef.h(130,1): warning C4005: 'APIENTRY': macro redefinition
C:\Users\cole\source\repos\tetris\tetris\dependencies\include\GLFW\glfw3.h(123): message : see previous definition of 'APIENTRY'
C:\Users\cole\source\repos\tetris\tetris\source\ui\i_drawable.hpp(92,12): warning C4018: '>=': signed/unsigned mismatch
C:\Users\cole\source\repos\tetris\tetris\source\ui\i_drawable.hpp(92,27): warning C4018: '<=': signed/unsigned mismatch
C:\Users\cole\source\repos\tetris\tetris\source\ui\i_drawable.hpp(93,9): warning C4018: '>=': signed/unsigned mismatch
C:\Users\cole\source\repos\tetris\tetris\source\ui\i_drawable.hpp(93,24): warning C4018: '<=': signed/unsigned mismatch
C:\Users\cole\source\repos\tetris\tetris\source\ui\button.hpp(17,70): warning C4244: 'initializing': conversion from 'double' to 'unsigned int', possible loss of data
  window.cpp
C:\Program Files (x86)\Windows Kits\10\Include\10.0.22621.0\shared\minwindef.h(130,1): warning C4005: 'APIENTRY': macro redefinition
C:\Users\cole\source\repos\tetris\tetris\dependencies\include\GLFW\glfw3.h(123): message : see previous definition of 'APIENTRY'
C:\Users\cole\source\repos\tetris\tetris\source\ui\i_drawable.hpp(92,12): warning C4018: '>=': signed/unsigned mismatch
C:\Users\cole\source\repos\tetris\tetris\source\ui\i_drawable.hpp(92,27): warning C4018: '<=': signed/unsigned mismatch
C:\Users\cole\source\repos\tetris\tetris\source\ui\i_drawable.hpp(93,9): warning C4018: '>=': signed/unsigned mismatch
C:\Users\cole\source\repos\tetris\tetris\source\ui\i_drawable.hpp(93,24): warning C4018: '<=': signed/unsigned mismatch
C:\Users\cole\source\repos\tetris\tetris\source\ui\button.hpp(17,70): warning C4244: 'initializing': conversion from 'double' to 'unsigned int', possible loss of data
  game.cpp
C:\Program Files (x86)\Windows Kits\10\Include\10.0.22621.0\shared\minwindef.h(130,1): warning C4005: 'APIENTRY': macro redefinition
C:\Users\cole\source\repos\tetris\tetris\dependencies\include\GLFW\glfw3.h(123): message : see previous definition of 'APIENTRY'
C:\Users\cole\source\repos\tetris\tetris\source\ui\i_drawable.hpp(92,12): warning C4018: '>=': signed/unsigned mismatch
C:\Users\cole\source\repos\tetris\tetris\source\ui\i_drawable.hpp(92,27): warning C4018: '<=': signed/unsigned mismatch
C:\Users\cole\source\repos\tetris\tetris\source\ui\i_drawable.hpp(93,9): warning C4018: '>=': signed/unsigned mismatch
C:\Users\cole\source\repos\tetris\tetris\source\ui\i_drawable.hpp(93,24): warning C4018: '<=': signed/unsigned mismatch
C:\Users\cole\source\repos\tetris\tetris\source\ui\button.hpp(17,70): warning C4244: 'initializing': conversion from 'double' to 'unsigned int', possible loss of data
  tetris.cpp
C:\Program Files (x86)\Windows Kits\10\Include\10.0.22621.0\shared\minwindef.h(130,1): warning C4005: 'APIENTRY': macro redefinition
C:\Users\cole\source\repos\tetris\tetris\dependencies\include\GLFW\glfw3.h(123): message : see previous definition of 'APIENTRY'
C:\Users\cole\source\repos\tetris\tetris\source\ui\i_drawable.hpp(92,12): warning C4018: '>=': signed/unsigned mismatch
C:\Users\cole\source\repos\tetris\tetris\source\ui\i_drawable.hpp(92,27): warning C4018: '<=': signed/unsigned mismatch
C:\Users\cole\source\repos\tetris\tetris\source\ui\i_drawable.hpp(93,9): warning C4018: '>=': signed/unsigned mismatch
C:\Users\cole\source\repos\tetris\tetris\source\ui\i_drawable.hpp(93,24): warning C4018: '<=': signed/unsigned mismatch
C:\Users\cole\source\repos\tetris\tetris\source\ui\button.hpp(17,70): warning C4244: 'initializing': conversion from 'double' to 'unsigned int', possible loss of data
  ui.cpp
C:\Program Files (x86)\Windows Kits\10\Include\10.0.22621.0\shared\minwindef.h(130,1): warning C4005: 'APIENTRY': macro redefinition
C:\Users\cole\source\repos\tetris\tetris\dependencies\include\GLFW\glfw3.h(123): message : see previous definition of 'APIENTRY'
C:\Users\cole\source\repos\tetris\tetris\source\ui\i_drawable.hpp(92,12): warning C4018: '>=': signed/unsigned mismatch
C:\Users\cole\source\repos\tetris\tetris\source\ui\i_drawable.hpp(92,27): warning C4018: '<=': signed/unsigned mismatch
C:\Users\cole\source\repos\tetris\tetris\source\ui\i_drawable.hpp(93,9): warning C4018: '>=': signed/unsigned mismatch
C:\Users\cole\source\repos\tetris\tetris\source\ui\i_drawable.hpp(93,24): warning C4018: '<=': signed/unsigned mismatch
C:\Users\cole\source\repos\tetris\tetris\source\ui\button.hpp(17,70): warning C4244: 'initializing': conversion from 'double' to 'unsigned int', possible loss of data
  raw_vector.cpp
C:\Program Files (x86)\Windows Kits\10\Include\10.0.22621.0\shared\minwindef.h(130,1): warning C4005: 'APIENTRY': macro redefinition
C:\Users\cole\source\repos\tetris\tetris\dependencies\include\GLFW\glfw3.h(123): message : see previous definition of 'APIENTRY'
C:\Users\cole\source\repos\tetris\tetris\source\ui\i_drawable.hpp(92,12): warning C4018: '>=': signed/unsigned mismatch
C:\Users\cole\source\repos\tetris\tetris\source\ui\i_drawable.hpp(92,27): warning C4018: '<=': signed/unsigned mismatch
C:\Users\cole\source\repos\tetris\tetris\source\ui\i_drawable.hpp(93,9): warning C4018: '>=': signed/unsigned mismatch
C:\Users\cole\source\repos\tetris\tetris\source\ui\i_drawable.hpp(93,24): warning C4018: '<=': signed/unsigned mismatch
C:\Users\cole\source\repos\tetris\tetris\source\ui\button.hpp(17,70): warning C4244: 'initializing': conversion from 'double' to 'unsigned int', possible loss of data
  Generating Code...
  tetris.vcxproj -> C:\Users\cole\source\repos\tetris\Debug\tetris.exe
